
Compiling cpp/task-3...
========================================
Running cpp/task-3...
========================================

Solutia gasita nu reprezinta o asezare corecta a damelor.	Running cpp/task-3...
========================================

Solutia gasita nu reprezinta o asezare corecta a damelor.	Running cpp/task-3...
========================================

Solutia gasita nu reprezinta o asezare corecta a damelor.	Running cpp/task-3...
========================================

Solutia gasita nu reprezinta o asezare corecta a damelor.	Running cpp/task-3...
========================================

Solutia gasita nu reprezinta o asezare corecta a damelor.	Running cpp/task-3...
========================================

Solutia gasita nu reprezinta o asezare corecta a damelor.	Running cpp/task-3...
========================================

Solutia gasita nu reprezinta o asezare corecta a damelor.	Running cpp/task-3...
========================================

Solutia gasita nu reprezinta o asezare corecta a damelor.	Running cpp/task-3...
========================================

Solutia gasita nu reprezinta o asezare corecta a damelor.	Running cpp/task-3...
========================================

Solutia gasita nu reprezinta o asezare corecta a damelor.	