
Compiling cpp/task-1...
========================================
Running cpp/task-1...
========================================
Running cpp/task-1...
========================================
Running cpp/task-1...
========================================
Running cpp/task-1...
========================================
Running cpp/task-1...
========================================
Running cpp/task-1...
========================================
Running cpp/task-1...
========================================
Running cpp/task-1...
========================================
Running cpp/task-1...
========================================
Running cpp/task-1...
========================================
Running cpp/task-1...
========================================
Compiling cpp/task-2...
========================================
Running cpp/task-2...
========================================

Cerinta 2.1 rezolvata	Cerinta 2.2 rezolvata	Running cpp/task-2...
========================================

Cerinta 2.1 rezolvata	Cerinta 2.2 rezolvata	Running cpp/task-2...
========================================

Cerinta 2.1 rezolvata	Cerinta 2.2 rezolvata	Running cpp/task-2...
========================================

Cerinta 2.1 rezolvata	Cerinta 2.2 rezolvata	Running cpp/task-2...
========================================

Cerinta 2.1 rezolvata	Cerinta 2.2 rezolvata	Running cpp/task-2...
========================================

Cerinta 2.1 gresita	Running cpp/task-2...
========================================

Cerinta 2.1 rezolvata	Cerinta 2.2 rezolvata	Running cpp/task-2...
========================================

Cerinta 2.1 gresita	Running cpp/task-2...
========================================

Cerinta 2.1 gresita	